<?xml version="1.0" encoding="UTF-8"?>
<testsuite name="com.kamal.calculator.CalculatorApplicationTests" tests="1" skipped="0" failures="0" errors="0" timestamp="2023-12-08T09:52:53" hostname="kamal" time="0.428">
  <properties/>
  <testcase name="contextLoads()" classname="com.kamal.calculator.CalculatorApplicationTests" time="0.428"/>
  <system-out><![CDATA[04:52:52.876 [Test worker] INFO org.springframework.test.context.support.AnnotationConfigContextLoaderUtils -- Could not detect default configuration classes for test class [com.kamal.calculator.CalculatorApplicationTests]: CalculatorApplicationTests does not declare any static, non-private, non-final, nested classes annotated with @Configuration.
04:52:52.928 [Test worker] INFO org.springframework.boot.test.context.SpringBootTestContextBootstrapper -- Found @SpringBootConfiguration com.kamal.calculator.CalculatorApplication for test class com.kamal.calculator.CalculatorApplicationTests

  .   ____          _            __ _ _
 /\\ / ___'_ __ _ _(_)_ __  __ _ \ \ \ \
( ( )\___ | '_ | '_| | '_ \/ _` | \ \ \ \
 \\/  ___)| |_)| | | | | || (_| |  ) ) ) )
  '  |____| .__|_| |_|_| |_\__, | / / / /
 =========|_|==============|___/=/_/_/_/
 :: Spring Boot ::                (v3.2.0)

2023-12-08T04:52:53.111-05:00  INFO 22107 --- [    Test worker] c.k.c.CalculatorApplicationTests         : Starting CalculatorApplicationTests using Java 17.0.8.1 with PID 22107 (started by kamal in /home/kamal/acceptance)
2023-12-08T04:52:53.112-05:00  INFO 22107 --- [    Test worker] c.k.c.CalculatorApplicationTests         : No active profile set, falling back to 1 default profile: "default"
2023-12-08T04:52:53.702-05:00  INFO 22107 --- [    Test worker] c.k.c.CalculatorApplicationTests         : Started CalculatorApplicationTests in 0.709 seconds (process running for 1.212)
]]></system-out>
  <system-err><![CDATA[]]></system-err>
</testsuite>
